<?xml version="1.0" encoding="utf-8"?><testsuites name="pytest tests"><testsuite name="pytest" errors="0" failures="0" skipped="0" tests="27" time="6.190" timestamp="2026-08-20T10:08:59.319489+00:00" hostname="agent-env-c5183a1b-2169-4025-8656-39c3786db035"><testcase classname="tests.test_skillsync_e2e" name="test_health" time="0.158" /><testcase classname="tests.test_skillsync_e2e" name="test_demo_login_customer" time="0.058" /><testcase classname="tests.test_skillsync_e2e" name="test_demo_login_worker" time="0.058" /><testcase classname="tests.test_skillsync_e2e" name="test_auth_me_customer" time="0.060" /><testcase classname="tests.test_skillsync_e2e" name="test_services_list" time="0.057" /><testcase classname="tests.test_skillsync_e2e" name="test_addresses_customer" time="0.059" /><testcase classname="tests.test_skillsync_e2e" name="test_worker_match" time="0.059" /><testcase classname="tests.test_skillsync_e2e" name="test_lifecycle_01_create_report_and_analyze" time="3.863" /><testcase classname="tests.test_skillsync_e2e" name="test_lifecycle_02_create_booking" time="0.174" /><testcase classname="tests.test_skillsync_e2e" name="test_lifecycle_03_worker_accept" time="0.061" /><testcase classname="tests.test_skillsync_e2e" name="test_lifecycle_04_on_way" time="0.061" /><testcase classname="tests.test_skillsync_e2e" name="test_lifecycle_05_arrived_generates_otp" time="0.180" /><testcase classname="tests.test_skillsync_e2e" name="test_lifecycle_06_wrong_otp_rejected" time="0.059" /><testcase classname="tests.test_skillsync_e2e" name="test_lifecycle_07_correct_otp" time="0.062" /><testcase classname="tests.test_skillsync_e2e" name="test_lifecycle_08_inspection" time="0.061" /><testcase classname="tests.test_skillsync_e2e" name="test_lifecycle_09_invalid_transition_returns_409" time="0.057" /><testcase classname="tests.test_skillsync_e2e" name="test_lifecycle_10_accept_quote" time="0.063" /><testcase classname="tests.test_skillsync_e2e" name="test_lifecycle_11_progress" time="0.060" /><testcase classname="tests.test_skillsync_e2e" name="test_lifecycle_12_additional_charge_and_approve" time="0.184" /><testcase classname="tests.test_skillsync_e2e" name="test_lifecycle_13_mark_ready" time="0.061" /><testcase classname="tests.test_skillsync_e2e" name="test_lifecycle_14_customer_confirm" time="0.072" /><testcase classname="tests.test_skillsync_e2e" name="test_lifecycle_15_payment_upi" time="0.121" /><testcase classname="tests.test_skillsync_e2e" name="test_lifecycle_16_review_updates_rating" time="0.182" /><testcase classname="tests.test_skillsync_e2e" name="test_lifecycle_17_audit_events_grew" time="0.061" /><testcase classname="tests.test_skillsync_e2e" name="test_lifecycle_18_notifications_present" time="0.118" /><testcase classname="tests.test_skillsync_e2e" name="test_lifecycle_19_sos" time="0.061" /><testcase classname="tests.test_skillsync_e2e" name="test_worker_stats" time="0.057" /></testsuite></testsuites>